Rule: type_specifier -> INT
Rule: declaration_specifiers -> type_specifier
Rule: identifier -> IDENTIFIER
Rule: direct_declarator -> identifier
Rule: type_specifier -> INT
Rule: declaration_specifiers -> type_specifier
Rule: identifier -> IDENTIFIER
Rule: direct_declarator -> identifier
Rule: declarator -> direct_declarator
Rule: parameter_declaration -> declaration_specifiers declarator
Rule: parameter_list -> parameter_declaration
Rule: parameter_type_list -> parameter_list
Rule: direct_declarator -> direct_declarator OPAREN parameter_type_list CPAREN
Rule: declarator -> direct_declarator
Rule: init_declarator -> declarator
Rule: init_declarator_list -> init_declarator
Rule: declaration -> declaration_specifiers init_declarator_list SEMICOLON
Rule: external_declaration -> declaration
Rule: translation_unit -> external_declaration
Rule: type_specifier -> INT
Rule: declaration_specifiers -> type_specifier
Rule: identifier -> IDENTIFIER
Rule: direct_declarator -> identifier
Rule: direct_declarator -> direct_declarator OPAREN CPAREN
Rule: declarator -> direct_declarator
Rule: compound_statement -> OBRACE CBRACE
Rule: function_definition -> declaration_specifiers declarator compound_statement
Rule: external_declaration -> function_definition
Rule: translation_unit -> translation_unit external_declaration
